\BOOKMARK [1][-]{section.1}{\376\377\0001\000\040\131\202\117\125\117\177\165\050\147\054\152\041\147\177\000\040\000\050\000G\000e\000t\000t\000i\000n\000g\000\040\000S\000t\000a\000r\000t\000e\000d\000\051}{}% 1
\BOOKMARK [2][-]{subsection.1.1}{\376\377\0001\000.\0001\000\040\152\041\147\177\203\267\123\326\224\376\143\245}{section.1}% 2
\BOOKMARK [2][-]{subsection.1.2}{\376\377\0001\000.\0002\000\040\145\207\116\366\117\235\215\126\000\040\000\050\000F\000i\000l\000e\000\040\000R\000e\000q\000u\000i\000r\000e\000m\000e\000n\000t\000s\000\051}{section.1}% 3
\BOOKMARK [2][-]{subsection.1.3}{\376\377\0001\000.\0003\000\040\147\000\134\017\135\345\117\134\171\072\117\213\000\040\000\050\000M\000i\000n\000i\000m\000a\000l\000\040\000W\000o\000r\000k\000i\000n\000g\000\040\000E\000x\000a\000m\000p\000l\000e\000\051}{section.1}% 4
\BOOKMARK [2][-]{subsection.1.4}{\376\377\0001\000.\0004\000\040\177\026\213\321\145\271\137\017\000\040\000\050\000C\000o\000m\000p\000i\000l\000a\000t\000i\000o\000n\000\051}{section.1}% 5
\BOOKMARK [1][-]{section.2}{\376\377\0002\000\040\145\207\150\143\127\372\147\054\221\115\177\156\116\016\121\103\145\160\143\156\000\040\000\050\000B\000a\000s\000i\000c\000\040\000C\000o\000n\000f\000i\000g\000u\000r\000a\000t\000i\000o\000n\000\051}{}% 6
\BOOKMARK [2][-]{subsection.2.1}{\376\377\0002\000.\0001\000\040\230\165\227\142\136\003\134\100\116\016\225\364\215\335\000\040\000\050\000L\000a\000y\000o\000u\000t\000\040\000\046\000\040\000S\000p\000a\000c\000i\000n\000g\000\051}{section.2}% 7
\BOOKMARK [2][-]{subsection.2.2}{\376\377\0002\000.\0002\000\040\134\001\227\142\230\165\121\103\145\160\143\156\133\232\116\111\000\040\000\050\000F\000r\000o\000n\000t\000\040\000M\000a\000t\000t\000e\000r\000\051}{section.2}% 8
\BOOKMARK [3][-]{subsubsection.2.2.1}{\376\377\0002\000.\0002\000.\0001\000\040\117\134\200\005\116\016\147\072\147\204\000\040\000\050\000A\000u\000t\000h\000o\000r\000\040\000\046\000\040\000A\000f\000f\000i\000l\000i\000a\000t\000i\000o\000n\000\051}{subsection.2.2}% 9
\BOOKMARK [3][-]{subsubsection.2.2.2}{\376\377\0002\000.\0002\000.\0002\000\040\220\256\173\261\124\175\116\344\000\040\000\050\000C\000u\000s\000t\000o\000m\000\040\000E\000m\000a\000i\000l\000\040\000C\000o\000m\000m\000a\000n\000d\000\051}{subsection.2.2}% 10
\BOOKMARK [1][-]{section.3}{\376\377\0003\000\040\220\032\165\050\143\222\162\110\121\103\175\040\116\016\124\175\116\344\213\346\211\343\000\040\000\050\000C\000o\000m\000m\000o\000n\000\040\000E\000l\000e\000m\000e\000n\000t\000s\000\051}{}% 11
\BOOKMARK [2][-]{subsection.3.1}{\376\377\0003\000.\0001\000\040\116\343\170\001\127\127\000\040\000\050\000C\000o\000d\000e\000\040\000B\000l\000o\000c\000k\000s\000\051}{section.3}% 12
\BOOKMARK [3][-]{subsubsection.3.1.1}{\376\377\0003\000.\0001\000.\0001\000\040\124\175\116\344\165\050\154\325}{subsection.3.1}% 13
\BOOKMARK [3][-]{subsubsection.3.1.2}{\376\377\0003\000.\0001\000.\0002\000\040\156\062\147\323\145\110\147\234}{subsection.3.1}% 14
\BOOKMARK [2][-]{subsection.3.2}{\376\377\0003\000.\0002\000\040\116\011\176\277\210\150\000\040\000\050\000T\000h\000r\000e\000e\000-\000l\000i\000n\000e\000\040\000T\000a\000b\000l\000e\000s\000\051}{section.3}% 15
\BOOKMARK [3][-]{subsubsection.3.2.1}{\376\377\0003\000.\0002\000.\0001\000\040\124\175\116\344\165\050\154\325}{subsection.3.2}% 16
\BOOKMARK [3][-]{subsubsection.3.2.2}{\376\377\0003\000.\0002\000.\0002\000\040\156\062\147\323\145\110\147\234}{subsection.3.2}% 17
\BOOKMARK [2][-]{subsection.3.3}{\376\377\0003\000.\0003\000\040\143\322\126\376\143\322\121\145\000\040\000\050\000F\000i\000g\000u\000r\000e\000s\000\051}{section.3}% 18
\BOOKMARK [2][-]{subsection.3.4}{\376\377\0003\000.\0004\000\040\116\244\123\311\137\025\165\050\116\016\224\376\143\245\000\040\000\050\000C\000r\000o\000s\000s\000-\000r\000e\000f\000e\000r\000e\000n\000c\000i\000n\000g\000\051}{section.3}% 19
\BOOKMARK [3][-]{subsubsection.3.4.1}{\376\377\0003\000.\0004\000.\0001\000\040\137\025\165\050\157\024\171\072}{subsection.3.4}% 20
